<?xml version="1.0" encoding="UTF-8"?>
<Site BuildName="Win32-mingw32-make"
	BuildStamp="20240417-0731-Experimental"
	Name="LAPTOP-F53ASA5I"
	Generator="ctest-3.28.0-msvc1"
	CompilerName="D:/C++_dev_tool/mingw64/bin/g++.exe"
	CompilerVersion="8.1.0"
	OSName="Windows"
	Hostname="LAPTOP-F53ASA5I"
	OSRelease=" Personal"
	OSVersion=" (Build 22621)"
	OSPlatform="AMD64"
	Is64Bits="1"
	VendorString="GenuineIntel"
	VendorID="Intel Corporation"
	FamilyID="6"
	ModelID="10"
	ProcessorCacheSize="-1"
	NumberOfLogicalCPU="20"
	NumberOfPhysicalCPU="14"
	TotalVirtualMemory="34539"
	TotalPhysicalMemory="32491"
	LogicalProcessorsPerPhysical="1"
	ProcessorClockFrequency="2995"
	>
	<Testing>
		<StartDateTime>Apr 17 15:44 [NON-UTF-8-BYTE-0xD6]й[NON-UTF-8-BYTE-0xFA][NON-UTF-8-BYTE-0xB1][NON-UTF-8-BYTE-0xEA]׼ʱ[NON-UTF-8-BYTE-0xBC][NON-UTF-8-BYTE-0xE4]</StartDateTime>
		<StartTestTime>1713339846</StartTestTime>
		<TestList/>
		<EndDateTime>Apr 17 15:44 [NON-UTF-8-BYTE-0xD6]й[NON-UTF-8-BYTE-0xFA][NON-UTF-8-BYTE-0xB1][NON-UTF-8-BYTE-0xEA]׼ʱ[NON-UTF-8-BYTE-0xBC][NON-UTF-8-BYTE-0xE4]</EndDateTime>
		<EndTestTime>1713339846</EndTestTime>
		<ElapsedMinutes>0</ElapsedMinutes>
	</Testing>
</Site>
