<?xml version="1.0" encoding="UTF-8"?>
<Site BuildName="Win32-mingw32-make"
	BuildStamp="20240418-1105-Experimental"
	Name="LAPTOP-F53ASA5I"
	Generator="ctest-3.22.1"
	CompilerName="D:/C++_dev_tool/mingw64/bin/g++.exe"
	CompilerVersion="8.1.0"
	OSName="Linux"
	Hostname="LAPTOP-F53ASA5I"
	OSRelease="5.15.146.1-microsoft-standard-WSL2"
	OSVersion="#1 SMP Thu Jan 11 04:09:03 UTC 2024"
	OSPlatform="x86_64"
	Is64Bits="1"
	VendorString="GenuineIntel"
	VendorID="Intel Corporation"
	FamilyID="6"
	ModelID="186"
	ProcessorCacheSize="24576"
	NumberOfLogicalCPU="20"
	NumberOfPhysicalCPU="10"
	TotalVirtualMemory="4096"
	TotalPhysicalMemory="15856"
	LogicalProcessorsPerPhysical="2"
	ProcessorClockFrequency="2995.2"
	>
	<Testing>
		<StartDateTime>Apr 18 22:57 CST</StartDateTime>
		<StartTestTime>1713452243</StartTestTime>
		<TestList/>
		<EndDateTime>Apr 18 22:57 CST</EndDateTime>
		<EndTestTime>1713452243</EndTestTime>
		<ElapsedMinutes>0</ElapsedMinutes>
	</Testing>
</Site>
